============================================================
  LIVE STAT-ARB TRADER (5-min) — Dynamic Portfolio ($10k)
  Output log: /Users/jakegreenfield/stat_arb-1/live_feed/trader_output.log
============================================================
Loaded 23 pairs.

Tracking 45 unique tickers across 23 pairs.

[2026-02-11 22:58:11] Tick #1
  >>> ENTER SHORT SPREAD: ADBE/NVDA @ z=+2.81
      SHORT 2 ADBE @ $257.13 = $514.26
      BUY  8 NVDA @ $190.03 = $1,520.24

============================================================
  LIVE STAT-ARB TRADER (5-min) — Dynamic Portfolio
  Output log: /Users/jakegreenfield/stat_arb-1/live_feed/trader_output.log
============================================================

Loaded 23 pairs.

Tracking 45 unique tickers across 23 pairs.


======================================================================
  LIVE SIGNALS — 2026-02-11 22:58:12
======================================================================

  PAIR: ADBE / NVDA  (Information Technology)
  Z-Score: +2.81
  Prices: ADBE = $257.13  |  NVDA = $190.03
  Status: ACTIVE — SHORT SPREAD
    SHORT 2 shares of ADBE @ $257.13 = $514.26
    BUY  8 shares of NVDA @ $190.03 = $1,520.24
    Long:  $1,520.24
    Short: $514.26
    Net:   $1,005.98
    Entry Z: +2.81  |  Entry time: 2026-02-11 22:58:11
    MTM PnL: $0.00

  PAIR: BSX / PFE  (Health Care)
  Z-Score: -1.92
  Prices: BSX = $73.46  |  PFE = $27.72
  Status: FLAT — watching (ranked target)
  If z hits -2.0 → Buy 1 shares BSX ($73.46)
                    Short 1 shares PFE ($27.72)

  PAIR: WMT / TGT  (Consumer Discretionary)
  Z-Score: -1.77
  Prices: WMT = $128.76  |  TGT = $114.61
  Status: FLAT — watching (ranked target)
  If z hits -2.0 → Buy 1 shares WMT ($128.76)
                    Short 1 shares TGT ($114.61)

  PAIR: TSLA / F  (Consumer Discretionary)
  Z-Score: +1.77
  Prices: TSLA = $428.15  |  F = $13.81
  Status: FLAT — watching (ranked target)
  If z hits +2.0 → Short 1 shares TSLA ($428.15)
                    Buy 1 shares F ($13.81)

  PAIR: CRM / QCOM  (Information Technology)
  Z-Score: +1.76
  Prices: CRM = $184.91  |  QCOM = $141.02
  Status: FLAT — watching (ranked target)
  If z hits +2.0 → Short 1 shares CRM ($184.91)
                    Buy 1 shares QCOM ($141.02)

  PAIR: BX / KKR  (Financials)
  Z-Score: +1.72
  Prices: BX = $133.48  |  KKR = $105.05
  Status: FLAT — no trade (z within normal range)
  If z hits +2.0 → Short 1 shares BX ($133.48)
                    Buy 1 shares KKR ($105.05)

  PAIR: EMR / LMT  (Industrials)
  Z-Score: -1.64
  Prices: EMR = $154.67  |  LMT = $628.79
  Status: FLAT — no trade (z within normal range)
  If z hits -2.0 → Buy 1 shares EMR ($154.67)
                    Short 1 shares LMT ($628.79)

  PAIR: MA / V  (Information Technology)
  Z-Score: -1.53
  Prices: MA = $537.43  |  V = $329.34
  Status: FLAT — no trade (z within normal range)
  If z hits -2.0 → Buy 1 shares MA ($537.43)
                    Short 1 shares V ($329.34)

  PAIR: COST / WMT  (Consumer Staples)
  Z-Score: -1.37
  Prices: COST = $977.73  |  WMT = $128.76
  Status: FLAT — no trade (z within normal range)
  If z hits -2.0 → Buy 1 shares COST ($977.73)
                    Short 1 shares WMT ($128.76)

  PAIR: XOM / CVX  (Energy)
  Z-Score: -1.31
  Prices: XOM = $155.55  |  CVX = $185.77
  Status: FLAT — no trade (z within normal range)
  If z hits -2.0 → Buy 1 shares XOM ($155.55)
                    Short 1 shares CVX ($185.77)

======================================================================
  PORTFOLIO SUMMARY (Top 10 pairs by magnitude)
======================================================================
  Active pairs: 1/10
  Total long:   $1,520.24
  Total short:  $514.26
  Gross exposure: $2,034.50 / $5,000 max
  Net exposure:   $1,005.98 (target: $0)
  Account size:   $10,000
======================================================================

